Flow report for Kasra_2022510011_Group31_BUS
Wed May 15 19:29:23 2024
Quartus II 64-Bit Version 13.0.1 Build 232 06/12/2013 Service Pack 1 SJ Web Edition


---------------------
; Table of Contents ;
---------------------
  1. Legal Notice
  2. Flow Summary
  3. Flow Settings
  4. Flow Non-Default Global Settings
  5. Flow Elapsed Time
  6. Flow OS Summary
  7. Flow Log
  8. Flow Messages
  9. Flow Suppressed Messages



----------------
; Legal Notice ;
----------------
Copyright (C) 1991-2013 Altera Corporation
Your use of Altera Corporation's design tools, logic functions 
and other software and tools, and its AMPP partner logic 
functions, and any output files from any of the foregoing 
(including device programming or simulation files), and any 
associated documentation or information are expressly subject 
to the terms and conditions of the Altera Program License 
Subscription Agreement, Altera MegaCore Function License 
Agreement, or other applicable license agreement, including, 
without limitation, that your use is for the sole purpose of 
programming logic devices manufactured by Altera and sold by 
Altera or its authorized distributors.  Please refer to the 
applicable agreement for further details.



+--------------------------------------------------------------------------------------+
; Flow Summary                                                                         ;
+------------------------------------+-------------------------------------------------+
; Flow Status                        ; Successful - Wed May 15 19:29:23 2024           ;
; Quartus II 64-Bit Version          ; 13.0.1 Build 232 06/12/2013 SP 1 SJ Web Edition ;
; Revision Name                      ; Kasra_2022510011_Group31_BUS                    ;
; Top-level Entity Name              ; Kasra_2022510011_Group31_BUS                    ;
; Family                             ; Cyclone III                                     ;
; Device                             ; EP3C16F484C6                                    ;
; Timing Models                      ; Final                                           ;
; Total logic elements               ; 110 / 15,408 ( < 1 % )                          ;
;     Total combinational functions  ; 90 / 15,408 ( < 1 % )                           ;
;     Dedicated logic registers      ; 40 / 15,408 ( < 1 % )                           ;
; Total registers                    ; 40                                              ;
; Total pins                         ; 98 / 347 ( 28 % )                               ;
; Total virtual pins                 ; 0                                               ;
; Total memory bits                  ; 426 / 516,096 ( < 1 % )                         ;
; Embedded Multiplier 9-bit elements ; 0 / 112 ( 0 % )                                 ;
; Total PLLs                         ; 0 / 4 ( 0 % )                                   ;
+------------------------------------+-------------------------------------------------+


+--------------------------------------------------+
; Flow Settings                                    ;
+-------------------+------------------------------+
; Option            ; Setting                      ;
+-------------------+------------------------------+
; Start date & time ; 05/15/2024 19:25:44          ;
; Main task         ; Compilation                  ;
; Revision Name     ; Kasra_2022510011_Group31_BUS ;
+-------------------+------------------------------+


+------------------------------------------------------------------------------------------------------------------+
; Flow Non-Default Global Settings                                                                                 ;
+-------------------------------------+---------------------------------+---------------+-------------+------------+
; Assignment Name                     ; Value                           ; Default Value ; Entity Name ; Section Id ;
+-------------------------------------+---------------------------------+---------------+-------------+------------+
; COMPILER_SIGNATURE_ID               ; 132281827502611.171579034312612 ; --            ; --          ; --         ;
; MAX_CORE_JUNCTION_TEMP              ; 85                              ; --            ; --          ; --         ;
; MIN_CORE_JUNCTION_TEMP              ; 0                               ; --            ; --          ; --         ;
; NOMINAL_CORE_SUPPLY_VOLTAGE         ; 1.2V                            ; --            ; --          ; --         ;
; PARTITION_COLOR                     ; 16764057                        ; --            ; --          ; Top        ;
; PARTITION_FITTER_PRESERVATION_LEVEL ; PLACEMENT_AND_ROUTING           ; --            ; --          ; Top        ;
; PARTITION_NETLIST_TYPE              ; SOURCE                          ; --            ; --          ; Top        ;
; PROJECT_OUTPUT_DIRECTORY            ; output_files                    ; --            ; --          ; --         ;
+-------------------------------------+---------------------------------+---------------+-------------+------------+


+-------------------------------------------------------------------------------------------------------------------------------+
; Flow Elapsed Time                                                                                                             ;
+---------------------------+--------------+-------------------------+---------------------+------------------------------------+
; Module Name               ; Elapsed Time ; Average Processors Used ; Peak Virtual Memory ; Total CPU Time (on all processors) ;
+---------------------------+--------------+-------------------------+---------------------+------------------------------------+
; Analysis & Synthesis      ; 00:00:05     ; 1.0                     ; 4657 MB             ; 00:00:05                           ;
; Fitter                    ; 00:00:11     ; 1.0                     ; 4912 MB             ; 00:00:09                           ;
; Assembler                 ; 00:00:01     ; 1.0                     ; 4545 MB             ; 00:00:01                           ;
; TimeQuest Timing Analyzer ; 00:00:03     ; 1.0                     ; 4587 MB             ; 00:00:02                           ;
; EDA Netlist Writer        ; 00:00:00     ; 1.0                     ; 4506 MB             ; 00:00:01                           ;
; EDA Netlist Writer        ; 00:00:00     ; 1.0                     ; 4506 MB             ; 00:00:01                           ;
; EDA Netlist Writer        ; 00:00:01     ; 1.0                     ; 4506 MB             ; 00:00:01                           ;
; EDA Netlist Writer        ; 00:00:01     ; 1.0                     ; 4506 MB             ; 00:00:01                           ;
; Total                     ; 00:00:22     ; --                      ; --                  ; 00:00:21                           ;
+---------------------------+--------------+-------------------------+---------------------+------------------------------------+


+----------------------------------------------------------------------------------------+
; Flow OS Summary                                                                        ;
+---------------------------+------------------+-----------+------------+----------------+
; Module Name               ; Machine Hostname ; OS Name   ; OS Version ; Processor type ;
+---------------------------+------------------+-----------+------------+----------------+
; Analysis & Synthesis      ; DESKTOP-3L0SHF9  ; Windows 7 ; 6.2        ; x86_64         ;
; Fitter                    ; DESKTOP-3L0SHF9  ; Windows 7 ; 6.2        ; x86_64         ;
; Assembler                 ; DESKTOP-3L0SHF9  ; Windows 7 ; 6.2        ; x86_64         ;
; TimeQuest Timing Analyzer ; DESKTOP-3L0SHF9  ; Windows 7 ; 6.2        ; x86_64         ;
; EDA Netlist Writer        ; DESKTOP-3L0SHF9  ; Windows 7 ; 6.2        ; x86_64         ;
; EDA Netlist Writer        ; DESKTOP-3L0SHF9  ; Windows 7 ; 6.2        ; x86_64         ;
; EDA Netlist Writer        ; DESKTOP-3L0SHF9  ; Windows 7 ; 6.2        ; x86_64         ;
; EDA Netlist Writer        ; DESKTOP-3L0SHF9  ; Windows 7 ; 6.2        ; x86_64         ;
+---------------------------+------------------+-----------+------------+----------------+


------------
; Flow Log ;
------------
quartus_map --read_settings_files=on --write_settings_files=off Kasra_2022510011_Group31_BUS -c Kasra_2022510011_Group31_BUS
quartus_fit --read_settings_files=off --write_settings_files=off Kasra_2022510011_Group31_BUS -c Kasra_2022510011_Group31_BUS
quartus_asm --read_settings_files=off --write_settings_files=off Kasra_2022510011_Group31_BUS -c Kasra_2022510011_Group31_BUS
quartus_sta Kasra_2022510011_Group31_BUS -c Kasra_2022510011_Group31_BUS
quartus_eda --gen_testbench --check_outputs=on --tool=modelsim_oem --format=verilog Kasra_2022510011_Group31_BUS -c Kasra_2022510011_Group31_BUS --vector_source=C:/altera/13.0sp1/Projects/BUS/Kasra_2022510011_Group31_BUS.vwf --testbench_file=./simulation/qsim/Kasra_2022510011_Group31_BUS.vt
quartus_eda --functional=on --simulation=on --tool=modelsim_oem --format=verilog Kasra_2022510011_Group31_BUS -c Kasra_2022510011_Group31_BUS
quartus_eda --gen_testbench --check_outputs=on --tool=modelsim_oem --format=verilog Kasra_2022510011_Group31_BUS -c Kasra_2022510011_Group31_BUS --vector_source=C:/altera/13.0sp1/Projects/BUS/Kasra_2022510011_Group31_BUS.vwf --testbench_file=./simulation/qsim/Kasra_2022510011_Group31_BUS.vt
quartus_eda --functional=on --simulation=on --tool=modelsim_oem --format=verilog Kasra_2022510011_Group31_BUS -c Kasra_2022510011_Group31_BUS



