Flow report for Gulnaz_2020510121_Group31_ControlUnit
Mon May 20 16:27:33 2024
Quartus II 64-Bit Version 13.0.1 Build 232 06/12/2013 Service Pack 1 SJ Web Edition


---------------------
; Table of Contents ;
---------------------
  1. Legal Notice
  2. Flow Summary
  3. Flow Settings
  4. Flow Non-Default Global Settings
  5. Flow Elapsed Time
  6. Flow OS Summary
  7. Flow Log
  8. Flow Messages
  9. Flow Suppressed Messages



----------------
; Legal Notice ;
----------------
Copyright (C) 1991-2013 Altera Corporation
Your use of Altera Corporation's design tools, logic functions 
and other software and tools, and its AMPP partner logic 
functions, and any output files from any of the foregoing 
(including device programming or simulation files), and any 
associated documentation or information are expressly subject 
to the terms and conditions of the Altera Program License 
Subscription Agreement, Altera MegaCore Function License 
Agreement, or other applicable license agreement, including, 
without limitation, that your use is for the sole purpose of 
programming logic devices manufactured by Altera and sold by 
Altera or its authorized distributors.  Please refer to the 
applicable agreement for further details.



+-------------------------------------------------------------------------------------------+
; Flow Summary                                                                              ;
+------------------------------------+------------------------------------------------------+
; Flow Status                        ; EDA Netlist Writer Failed - Mon May 20 16:27:33 2024 ;
; Quartus II 64-Bit Version          ; 13.0.1 Build 232 06/12/2013 SP 1 SJ Web Edition      ;
; Revision Name                      ; Gulnaz_2020510121_Group31_ControlUnit                ;
; Top-level Entity Name              ; Gulnaz_2020510121_Group31_ControlUnit                ;
; Family                             ; Cyclone III                                          ;
; Device                             ; EP3C16F484C6                                         ;
; Timing Models                      ; Final                                                ;
; Total logic elements               ; 193 / 15,408 ( 1 % )                                 ;
;     Total combinational functions  ; 191 / 15,408 ( 1 % )                                 ;
;     Dedicated logic registers      ; 48 / 15,408 ( < 1 % )                                ;
; Total registers                    ; 48                                                   ;
; Total pins                         ; 104 / 347 ( 30 % )                                   ;
; Total virtual pins                 ; 0                                                    ;
; Total memory bits                  ; 496 / 516,096 ( < 1 % )                              ;
; Embedded Multiplier 9-bit elements ; 0 / 112 ( 0 % )                                      ;
; Total PLLs                         ; 0 / 4 ( 0 % )                                        ;
+------------------------------------+------------------------------------------------------+


+-----------------------------------------------------------+
; Flow Settings                                             ;
+-------------------+---------------------------------------+
; Option            ; Setting                               ;
+-------------------+---------------------------------------+
; Start date & time ; 05/10/2024 20:59:34                   ;
; Main task         ; Compilation                           ;
; Revision Name     ; Gulnaz_2020510121_Group31_ControlUnit ;
+-------------------+---------------------------------------+


+----------------------------------------------------------------------------------------------------------------------+
; Flow Non-Default Global Settings                                                                                     ;
+-------------------------------------+---------------------------------+---------------+-------------+----------------+
; Assignment Name                     ; Value                           ; Default Value ; Entity Name ; Section Id     ;
+-------------------------------------+---------------------------------+---------------+-------------+----------------+
; COMPILER_SIGNATURE_ID               ; 132281827502611.171536397401588 ; --            ; --          ; --             ;
; EDA_GENERATE_FUNCTIONAL_NETLIST     ; On                              ; --            ; --          ; eda_simulation ;
; EDA_OUTPUT_DATA_FORMAT              ; Verilog Hdl                     ; --            ; --          ; eda_simulation ;
; EDA_SIMULATION_TOOL                 ; ModelSim-Altera (Verilog)       ; <None>        ; --          ; --             ;
; IP_TOOL_NAME                        ; LPM_MUX                         ; --            ; --          ; --             ;
; IP_TOOL_NAME                        ; LPM_MUX                         ; --            ; --          ; --             ;
; IP_TOOL_NAME                        ; LPM_MUX                         ; --            ; --          ; --             ;
; IP_TOOL_NAME                        ; LPM_COUNTER                     ; --            ; --          ; --             ;
; IP_TOOL_NAME                        ; LPM_CONSTANT                    ; --            ; --          ; --             ;
; IP_TOOL_NAME                        ; LPM_MUX                         ; --            ; --          ; --             ;
; IP_TOOL_NAME                        ; LPM_MUX                         ; --            ; --          ; --             ;
; IP_TOOL_VERSION                     ; 13.0                            ; --            ; --          ; --             ;
; IP_TOOL_VERSION                     ; 13.0                            ; --            ; --          ; --             ;
; IP_TOOL_VERSION                     ; 13.0                            ; --            ; --          ; --             ;
; IP_TOOL_VERSION                     ; 13.0                            ; --            ; --          ; --             ;
; IP_TOOL_VERSION                     ; 13.0                            ; --            ; --          ; --             ;
; IP_TOOL_VERSION                     ; 13.0                            ; --            ; --          ; --             ;
; IP_TOOL_VERSION                     ; 13.0                            ; --            ; --          ; --             ;
; MAX_CORE_JUNCTION_TEMP              ; 85                              ; --            ; --          ; --             ;
; MIN_CORE_JUNCTION_TEMP              ; 0                               ; --            ; --          ; --             ;
; MISC_FILE                           ; S1.bsf                          ; --            ; --          ; --             ;
; MISC_FILE                           ; S1.cmp                          ; --            ; --          ; --             ;
; MISC_FILE                           ; S2.bsf                          ; --            ; --          ; --             ;
; MISC_FILE                           ; S2.cmp                          ; --            ; --          ; --             ;
; MISC_FILE                           ; StackData.bsf                   ; --            ; --          ; --             ;
; MISC_FILE                           ; StackData.cmp                   ; --            ; --          ; --             ;
; MISC_FILE                           ; over_flow.bsf                   ; --            ; --          ; --             ;
; MISC_FILE                           ; over_flow.cmp                   ; --            ; --          ; --             ;
; MISC_FILE                           ; lpm_constant0.bsf               ; --            ; --          ; --             ;
; MISC_FILE                           ; lpm_constant0.cmp               ; --            ; --          ; --             ;
; MISC_FILE                           ; selection.bsf                   ; --            ; --          ; --             ;
; MISC_FILE                           ; selection.cmp                   ; --            ; --          ; --             ;
; MISC_FILE                           ; CarryOut.bsf                    ; --            ; --          ; --             ;
; MISC_FILE                           ; CarryOut.cmp                    ; --            ; --          ; --             ;
; NOMINAL_CORE_SUPPLY_VOLTAGE         ; 1.2V                            ; --            ; --          ; --             ;
; PARTITION_COLOR                     ; 16764057                        ; --            ; --          ; Top            ;
; PARTITION_FITTER_PRESERVATION_LEVEL ; PLACEMENT_AND_ROUTING           ; --            ; --          ; Top            ;
; PARTITION_NETLIST_TYPE              ; SOURCE                          ; --            ; --          ; Top            ;
; PROJECT_OUTPUT_DIRECTORY            ; output_files                    ; --            ; --          ; --             ;
+-------------------------------------+---------------------------------+---------------+-------------+----------------+


+-------------------------------------------------------------------------------------------------------------------------------+
; Flow Elapsed Time                                                                                                             ;
+---------------------------+--------------+-------------------------+---------------------+------------------------------------+
; Module Name               ; Elapsed Time ; Average Processors Used ; Peak Virtual Memory ; Total CPU Time (on all processors) ;
+---------------------------+--------------+-------------------------+---------------------+------------------------------------+
; Analysis & Synthesis      ; 00:00:05     ; 1.0                     ; 4657 MB             ; 00:00:05                           ;
; Fitter                    ; 00:00:10     ; 1.0                     ; 4907 MB             ; 00:00:10                           ;
; Assembler                 ; 00:00:02     ; 1.0                     ; 4545 MB             ; 00:00:01                           ;
; TimeQuest Timing Analyzer ; 00:00:02     ; 1.0                     ; 4586 MB             ; 00:00:03                           ;
; EDA Netlist Writer        ; 00:00:01     ; 1.0                     ; 4498 MB             ; 00:00:01                           ;
; EDA Netlist Writer        ; 00:00:00     ; 1.0                     ; 4506 MB             ; 00:00:01                           ;
; EDA Netlist Writer        ; 00:00:01     ; 1.0                     ; 4511 MB             ; 00:00:01                           ;
; EDA Netlist Writer        ; 00:00:01     ; 1.0                     ; 4506 MB             ; 00:00:01                           ;
; EDA Netlist Writer        ; 00:00:01     ; 1.0                     ; 4522 MB             ; 00:00:01                           ;
; EDA Netlist Writer        ; 00:00:01     ; 1.0                     ; 4506 MB             ; 00:00:01                           ;
; EDA Netlist Writer        ; 00:00:01     ; 1.0                     ; 4522 MB             ; 00:00:01                           ;
; EDA Netlist Writer        ; 00:00:00     ; 1.0                     ; 4506 MB             ; 00:00:01                           ;
; EDA Netlist Writer        ; 00:00:00     ; 1.0                     ; 4506 MB             ; 00:00:01                           ;
; EDA Netlist Writer        ; 00:00:01     ; 1.0                     ; 4506 MB             ; 00:00:01                           ;
; EDA Netlist Writer        ; 00:00:01     ; 1.0                     ; 4522 MB             ; 00:00:01                           ;
; EDA Netlist Writer        ; 00:00:01     ; 1.0                     ; 4506 MB             ; 00:00:01                           ;
; EDA Netlist Writer        ; 00:00:01     ; 1.0                     ; 4522 MB             ; 00:00:01                           ;
; EDA Netlist Writer        ; 00:00:00     ; 1.0                     ; 4506 MB             ; 00:00:01                           ;
; EDA Netlist Writer        ; 00:00:00     ; 1.0                     ; 4522 MB             ; 00:00:01                           ;
; EDA Netlist Writer        ; 00:00:01     ; 1.0                     ; 4506 MB             ; 00:00:01                           ;
; EDA Netlist Writer        ; 00:00:01     ; 1.0                     ; 4511 MB             ; 00:00:01                           ;
; EDA Netlist Writer        ; 00:00:00     ; 1.0                     ; 4506 MB             ; 00:00:01                           ;
; EDA Netlist Writer        ; 00:00:00     ; 1.0                     ; 4511 MB             ; 00:00:01                           ;
; EDA Netlist Writer        ; 00:00:00     ; 1.0                     ; 4506 MB             ; 00:00:01                           ;
; EDA Netlist Writer        ; 00:00:01     ; 1.0                     ; 4511 MB             ; 00:00:01                           ;
; EDA Netlist Writer        ; 00:00:01     ; 1.0                     ; 4506 MB             ; 00:00:01                           ;
; EDA Netlist Writer        ; 00:00:01     ; 1.0                     ; 4522 MB             ; 00:00:01                           ;
; EDA Netlist Writer        ; 00:00:01     ; 1.0                     ; 4506 MB             ; 00:00:01                           ;
; EDA Netlist Writer        ; 00:00:01     ; 1.0                     ; 4511 MB             ; 00:00:01                           ;
; EDA Netlist Writer        ; 00:00:00     ; 1.0                     ; 4506 MB             ; 00:00:01                           ;
; EDA Netlist Writer        ; 00:00:01     ; 1.0                     ; 4511 MB             ; 00:00:01                           ;
; EDA Netlist Writer        ; 00:00:00     ; 1.0                     ; 4506 MB             ; 00:00:01                           ;
; Total                     ; 00:00:37     ; --                      ; --                  ; 00:00:47                           ;
+---------------------------+--------------+-------------------------+---------------------+------------------------------------+


+----------------------------------------------------------------------------------------+
; Flow OS Summary                                                                        ;
+---------------------------+------------------+-----------+------------+----------------+
; Module Name               ; Machine Hostname ; OS Name   ; OS Version ; Processor type ;
+---------------------------+------------------+-----------+------------+----------------+
; Analysis & Synthesis      ; DESKTOP-3L0SHF9  ; Windows 7 ; 6.2        ; x86_64         ;
; Fitter                    ; DESKTOP-3L0SHF9  ; Windows 7 ; 6.2        ; x86_64         ;
; Assembler                 ; DESKTOP-3L0SHF9  ; Windows 7 ; 6.2        ; x86_64         ;
; TimeQuest Timing Analyzer ; DESKTOP-3L0SHF9  ; Windows 7 ; 6.2        ; x86_64         ;
; EDA Netlist Writer        ; DESKTOP-3L0SHF9  ; Windows 7 ; 6.2        ; x86_64         ;
; EDA Netlist Writer        ; DESKTOP-3L0SHF9  ; Windows 7 ; 6.2        ; x86_64         ;
; EDA Netlist Writer        ; DESKTOP-3L0SHF9  ; Windows 7 ; 6.2        ; x86_64         ;
; EDA Netlist Writer        ; DESKTOP-3L0SHF9  ; Windows 7 ; 6.2        ; x86_64         ;
; EDA Netlist Writer        ; DESKTOP-3L0SHF9  ; Windows 7 ; 6.2        ; x86_64         ;
; EDA Netlist Writer        ; DESKTOP-3L0SHF9  ; Windows 7 ; 6.2        ; x86_64         ;
; EDA Netlist Writer        ; DESKTOP-3L0SHF9  ; Windows 7 ; 6.2        ; x86_64         ;
; EDA Netlist Writer        ; DESKTOP-3L0SHF9  ; Windows 7 ; 6.2        ; x86_64         ;
; EDA Netlist Writer        ; DESKTOP-3L0SHF9  ; Windows 7 ; 6.2        ; x86_64         ;
; EDA Netlist Writer        ; DESKTOP-3L0SHF9  ; Windows 7 ; 6.2        ; x86_64         ;
; EDA Netlist Writer        ; DESKTOP-3L0SHF9  ; Windows 7 ; 6.2        ; x86_64         ;
; EDA Netlist Writer        ; DESKTOP-3L0SHF9  ; Windows 7 ; 6.2        ; x86_64         ;
; EDA Netlist Writer        ; DESKTOP-3L0SHF9  ; Windows 7 ; 6.2        ; x86_64         ;
; EDA Netlist Writer        ; DESKTOP-3L0SHF9  ; Windows 7 ; 6.2        ; x86_64         ;
; EDA Netlist Writer        ; DESKTOP-3L0SHF9  ; Windows 7 ; 6.2        ; x86_64         ;
; EDA Netlist Writer        ; DESKTOP-3L0SHF9  ; Windows 7 ; 6.2        ; x86_64         ;
; EDA Netlist Writer        ; DESKTOP-3L0SHF9  ; Windows 7 ; 6.2        ; x86_64         ;
; EDA Netlist Writer        ; DESKTOP-3L0SHF9  ; Windows 7 ; 6.2        ; x86_64         ;
; EDA Netlist Writer        ; DESKTOP-3L0SHF9  ; Windows 7 ; 6.2        ; x86_64         ;
; EDA Netlist Writer        ; DESKTOP-3L0SHF9  ; Windows 7 ; 6.2        ; x86_64         ;
; EDA Netlist Writer        ; DESKTOP-3L0SHF9  ; Windows 7 ; 6.2        ; x86_64         ;
; EDA Netlist Writer        ; DESKTOP-3L0SHF9  ; Windows 7 ; 6.2        ; x86_64         ;
; EDA Netlist Writer        ; DESKTOP-3L0SHF9  ; Windows 7 ; 6.2        ; x86_64         ;
; EDA Netlist Writer        ; DESKTOP-3L0SHF9  ; Windows 7 ; 6.2        ; x86_64         ;
; EDA Netlist Writer        ; DESKTOP-3L0SHF9  ; Windows 7 ; 6.2        ; x86_64         ;
; EDA Netlist Writer        ; DESKTOP-3L0SHF9  ; Windows 7 ; 6.2        ; x86_64         ;
; EDA Netlist Writer        ; DESKTOP-3L0SHF9  ; Windows 7 ; 6.2        ; x86_64         ;
; EDA Netlist Writer        ; DESKTOP-3L0SHF9  ; Windows 7 ; 6.2        ; x86_64         ;
+---------------------------+------------------+-----------+------------+----------------+


------------
; Flow Log ;
------------
quartus_map --read_settings_files=on --write_settings_files=off Gulnaz_2020510121_Group31_ControlUnit -c Gulnaz_2020510121_Group31_ControlUnit
quartus_fit --read_settings_files=off --write_settings_files=off Gulnaz_2020510121_Group31_ControlUnit -c Gulnaz_2020510121_Group31_ControlUnit
quartus_asm --read_settings_files=off --write_settings_files=off Gulnaz_2020510121_Group31_ControlUnit -c Gulnaz_2020510121_Group31_ControlUnit
quartus_sta Gulnaz_2020510121_Group31_ControlUnit -c Gulnaz_2020510121_Group31_ControlUnit
quartus_eda --read_settings_files=off --write_settings_files=off Gulnaz_2020510121_Group31_ControlUnit -c Gulnaz_2020510121_Group31_ControlUnit
quartus_eda --gen_testbench --check_outputs=on --tool=modelsim_oem --format=verilog Gulnaz_2020510121_Group31_ControlUnit -c Gulnaz_2020510121_Group31_ControlUnit --vector_source=C:/altera/13.0sp1/Projects/ControlUnit/ControlUnit_Waveform.vwf --testbench_file=./simulation/qsim/Gulnaz_2020510121_Group31_ControlUnit.vt
quartus_eda --functional=on --simulation=on --tool=modelsim_oem --format=verilog Gulnaz_2020510121_Group31_ControlUnit -c Gulnaz_2020510121_Group31_ControlUnit
quartus_eda --gen_testbench --check_outputs=on --tool=modelsim_oem --format=verilog Gulnaz_2020510121_Group31_ControlUnit -c Gulnaz_2020510121_Group31_ControlUnit --vector_source=C:/altera/13.0sp1/Projects/ControlUnit/ControlUnit_Waveform.vwf --testbench_file=./simulation/qsim/Gulnaz_2020510121_Group31_ControlUnit.vt
quartus_eda --functional=on --simulation=on --tool=modelsim_oem --format=verilog Gulnaz_2020510121_Group31_ControlUnit -c Gulnaz_2020510121_Group31_ControlUnit
quartus_eda --gen_testbench --check_outputs=on --tool=modelsim_oem --format=verilog Gulnaz_2020510121_Group31_ControlUnit -c Gulnaz_2020510121_Group31_ControlUnit --vector_source=C:/altera/13.0sp1/Projects/ControlUnit/ControlUnit_Waveform.vwf --testbench_file=./simulation/qsim/Gulnaz_2020510121_Group31_ControlUnit.vt
quartus_eda --functional=on --simulation=on --tool=modelsim_oem --format=verilog Gulnaz_2020510121_Group31_ControlUnit -c Gulnaz_2020510121_Group31_ControlUnit
quartus_eda --gen_testbench --check_outputs=on --tool=modelsim_oem --format=verilog Gulnaz_2020510121_Group31_ControlUnit -c Gulnaz_2020510121_Group31_ControlUnit --vector_source=C:/altera/13.0sp1/Projects/ControlUnit/ControlUnit_Waveform.vwf --testbench_file=./simulation/qsim/Gulnaz_2020510121_Group31_ControlUnit.vt
quartus_eda --functional=on --simulation=on --tool=modelsim_oem --format=verilog Gulnaz_2020510121_Group31_ControlUnit -c Gulnaz_2020510121_Group31_ControlUnit
quartus_eda --gen_testbench --check_outputs=on --tool=modelsim_oem --format=verilog Gulnaz_2020510121_Group31_ControlUnit -c Gulnaz_2020510121_Group31_ControlUnit --vector_source="C:/altera/13.0sp1/Projects/Group Projects/DEUARC/DEUARCH_Waveform.vwf" --testbench_file=./simulation/qsim/Gulnaz_2020510121_Group31_ControlUnit.vt
quartus_eda --functional=on --simulation=on --tool=modelsim_oem --format=verilog Gulnaz_2020510121_Group31_ControlUnit -c Gulnaz_2020510121_Group31_ControlUnit
quartus_eda --gen_testbench --check_outputs=on --tool=modelsim_oem --format=verilog Gulnaz_2020510121_Group31_ControlUnit -c Gulnaz_2020510121_Group31_ControlUnit --vector_source="C:/altera/13.0sp1/Projects/Group Projects/DEUARC/DEUARCH_Waveform.vwf" --testbench_file=./simulation/qsim/Gulnaz_2020510121_Group31_ControlUnit.vt
quartus_eda --functional=on --simulation=on --tool=modelsim_oem --format=verilog Gulnaz_2020510121_Group31_ControlUnit -c Gulnaz_2020510121_Group31_ControlUnit
quartus_eda --gen_testbench --check_outputs=on --tool=modelsim_oem --format=verilog Gulnaz_2020510121_Group31_ControlUnit -c Gulnaz_2020510121_Group31_ControlUnit --vector_source="C:/altera/13.0sp1/Projects/Group Projects/DEUARC/DEUARCH_Waveform.vwf" --testbench_file=./simulation/qsim/Gulnaz_2020510121_Group31_ControlUnit.vt
quartus_eda --functional=on --simulation=on --tool=modelsim_oem --format=verilog Gulnaz_2020510121_Group31_ControlUnit -c Gulnaz_2020510121_Group31_ControlUnit
quartus_eda --gen_testbench --check_outputs=on --tool=modelsim_oem --format=verilog Gulnaz_2020510121_Group31_ControlUnit -c Gulnaz_2020510121_Group31_ControlUnit --vector_source="C:/altera/13.0sp1/Projects/Group Projects/DEUARC/DEUARCH_Waveform.vwf" --testbench_file=./simulation/qsim/Gulnaz_2020510121_Group31_ControlUnit.vt
quartus_eda --functional=on --simulation=on --tool=modelsim_oem --format=verilog Gulnaz_2020510121_Group31_ControlUnit -c Gulnaz_2020510121_Group31_ControlUnit
quartus_eda --gen_testbench --check_outputs=on --tool=modelsim_oem --format=verilog Gulnaz_2020510121_Group31_ControlUnit -c Gulnaz_2020510121_Group31_ControlUnit --vector_source="C:/altera/13.0sp1/Projects/Group Projects/DEUARC/DEUARCH_Waveform.vwf" --testbench_file=./simulation/qsim/Gulnaz_2020510121_Group31_ControlUnit.vt
quartus_eda --functional=on --simulation=on --tool=modelsim_oem --format=verilog Gulnaz_2020510121_Group31_ControlUnit -c Gulnaz_2020510121_Group31_ControlUnit
quartus_eda --gen_testbench --check_outputs=on --tool=modelsim_oem --format=verilog Gulnaz_2020510121_Group31_ControlUnit -c Gulnaz_2020510121_Group31_ControlUnit --vector_source="C:/altera/13.0sp1/Projects/Group Projects/DEUARC/DEUARCH_Waveform.vwf" --testbench_file=./simulation/qsim/Gulnaz_2020510121_Group31_ControlUnit.vt
quartus_eda --functional=on --simulation=on --tool=modelsim_oem --format=verilog Gulnaz_2020510121_Group31_ControlUnit -c Gulnaz_2020510121_Group31_ControlUnit
quartus_eda --gen_testbench --check_outputs=on --tool=modelsim_oem --format=verilog Gulnaz_2020510121_Group31_ControlUnit -c Gulnaz_2020510121_Group31_ControlUnit --vector_source="C:/altera/13.0sp1/Projects/Group Projects/DEUARC/DEUARCH_Waveform.vwf" --testbench_file=./simulation/qsim/Gulnaz_2020510121_Group31_ControlUnit.vt
quartus_eda --functional=on --simulation=on --tool=modelsim_oem --format=verilog Gulnaz_2020510121_Group31_ControlUnit -c Gulnaz_2020510121_Group31_ControlUnit
quartus_eda --gen_testbench --check_outputs=on --tool=modelsim_oem --format=verilog Gulnaz_2020510121_Group31_ControlUnit -c Gulnaz_2020510121_Group31_ControlUnit --vector_source="C:/altera/13.0sp1/Projects/Group Projects/DEUARC/DEUARCH_Waveform.vwf" --testbench_file=./simulation/qsim/Gulnaz_2020510121_Group31_ControlUnit.vt
quartus_eda --functional=on --simulation=on --tool=modelsim_oem --format=verilog Gulnaz_2020510121_Group31_ControlUnit -c Gulnaz_2020510121_Group31_ControlUnit
quartus_eda --gen_testbench --check_outputs=on --tool=modelsim_oem --format=verilog Gulnaz_2020510121_Group31_ControlUnit -c Gulnaz_2020510121_Group31_ControlUnit --vector_source="C:/altera/13.0sp1/Projects/Group Projects/DEUARC/DEUARCH_Waveform.vwf" --testbench_file=./simulation/qsim/Gulnaz_2020510121_Group31_ControlUnit.vt
quartus_eda --functional=on --simulation=on --tool=modelsim_oem --format=verilog Gulnaz_2020510121_Group31_ControlUnit -c Gulnaz_2020510121_Group31_ControlUnit
quartus_eda --gen_testbench --check_outputs=on --tool=modelsim_oem --format=verilog Gulnaz_2020510121_Group31_ControlUnit -c Gulnaz_2020510121_Group31_ControlUnit --vector_source="C:/altera/13.0sp1/Projects/Group Projects/DEUARC/Waveform.vwf" --testbench_file=./simulation/qsim/Gulnaz_2020510121_Group31_ControlUnit.vt



