EDA Netlist Writer report for Gulnaz_2020510121_Group31_ControlUnit
Mon May 20 16:27:33 2024
Quartus II 64-Bit Version 13.0.1 Build 232 06/12/2013 Service Pack 1 SJ Web Edition


---------------------
; Table of Contents ;
---------------------
  1. Legal Notice
  2. EDA Netlist Writer Summary
  3. EDA Netlist Writer Messages



----------------
; Legal Notice ;
----------------
Copyright (C) 1991-2013 Altera Corporation
Your use of Altera Corporation's design tools, logic functions 
and other software and tools, and its AMPP partner logic 
functions, and any output files from any of the foregoing 
(including device programming or simulation files), and any 
associated documentation or information are expressly subject 
to the terms and conditions of the Altera Program License 
Subscription Agreement, Altera MegaCore Function License 
Agreement, or other applicable license agreement, including, 
without limitation, that your use is for the sole purpose of 
programming logic devices manufactured by Altera and sold by 
Altera or its authorized distributors.  Please refer to the 
applicable agreement for further details.



+-------------------------------------------------------------------+
; EDA Netlist Writer Summary                                        ;
+---------------------------+---------------------------------------+
; EDA Netlist Writer Status ; Failed - Mon May 20 16:27:33 2024     ;
; Revision Name             ; Gulnaz_2020510121_Group31_ControlUnit ;
; Top-level Entity Name     ; Gulnaz_2020510121_Group31_ControlUnit ;
; Family                    ; Cyclone III                           ;
+---------------------------+---------------------------------------+


+-----------------------------+
; EDA Netlist Writer Messages ;
+-----------------------------+
Info: *******************************************************************
Info: Running Quartus II 64-Bit EDA Netlist Writer
    Info: Version 13.0.1 Build 232 06/12/2013 Service Pack 1 SJ Web Edition
    Info: Processing started: Mon May 20 16:27:33 2024
Info: Command: quartus_eda --gen_testbench --check_outputs=on --tool=modelsim_oem --format=verilog Gulnaz_2020510121_Group31_ControlUnit -c Gulnaz_2020510121_Group31_ControlUnit --vector_source="C:/altera/13.0sp1/Projects/Group Projects/DEUARC/Waveform.vwf" --testbench_file=./simulation/qsim/Gulnaz_2020510121_Group31_ControlUnit.vt
Warning (125092): Tcl Script File R1.qip not found
    Info (125063): set_global_assignment -name QIP_FILE R1.qip
Error (199014): Vector source file C:/altera/13.0sp1/Projects/Group Projects/DEUARC/Waveform.vwf specified with --testbench_vector_input_file option does not exist
Error: Quartus II 64-Bit EDA Netlist Writer was unsuccessful. 1 error, 1 warning
    Error: Peak virtual memory: 4506 megabytes
    Error: Processing ended: Mon May 20 16:27:33 2024
    Error: Elapsed time: 00:00:00
    Error: Total CPU time (on all processors): 00:00:01


