Flow report for Paria_2020510099_DEUARCH
Tue May 21 18:35:37 2024
Quartus II 64-Bit Version 13.0.1 Build 232 06/12/2013 Service Pack 1 SJ Web Edition


---------------------
; Table of Contents ;
---------------------
  1. Legal Notice
  2. Flow Summary
  3. Flow Settings
  4. Flow Non-Default Global Settings
  5. Flow Elapsed Time
  6. Flow OS Summary
  7. Flow Log
  8. Flow Messages
  9. Flow Suppressed Messages



----------------
; Legal Notice ;
----------------
Copyright (C) 1991-2013 Altera Corporation
Your use of Altera Corporation's design tools, logic functions 
and other software and tools, and its AMPP partner logic 
functions, and any output files from any of the foregoing 
(including device programming or simulation files), and any 
associated documentation or information are expressly subject 
to the terms and conditions of the Altera Program License 
Subscription Agreement, Altera MegaCore Function License 
Agreement, or other applicable license agreement, including, 
without limitation, that your use is for the sole purpose of 
programming logic devices manufactured by Altera and sold by 
Altera or its authorized distributors.  Please refer to the 
applicable agreement for further details.



+--------------------------------------------------------------------------------------+
; Flow Summary                                                                         ;
+------------------------------------+-------------------------------------------------+
; Flow Status                        ; Successful - Tue May 21 18:35:33 2024           ;
; Quartus II 64-Bit Version          ; 13.0.1 Build 232 06/12/2013 SP 1 SJ Web Edition ;
; Revision Name                      ; Paria_2020510099_DEUARCH                        ;
; Top-level Entity Name              ; Gulnaz_2020510121_Group31_ControlUnit           ;
; Family                             ; Cyclone III                                     ;
; Device                             ; EP3C16F484C6                                    ;
; Timing Models                      ; Final                                           ;
; Total logic elements               ; 195 / 15,408 ( 1 % )                            ;
;     Total combinational functions  ; 191 / 15,408 ( 1 % )                            ;
;     Dedicated logic registers      ; 48 / 15,408 ( < 1 % )                           ;
; Total registers                    ; 48                                              ;
; Total pins                         ; 104 / 347 ( 30 % )                              ;
; Total virtual pins                 ; 0                                               ;
; Total memory bits                  ; 496 / 516,096 ( < 1 % )                         ;
; Embedded Multiplier 9-bit elements ; 0 / 112 ( 0 % )                                 ;
; Total PLLs                         ; 0 / 4 ( 0 % )                                   ;
+------------------------------------+-------------------------------------------------+


+----------------------------------------------+
; Flow Settings                                ;
+-------------------+--------------------------+
; Option            ; Setting                  ;
+-------------------+--------------------------+
; Start date & time ; 05/21/2024 18:35:10      ;
; Main task         ; Compilation              ;
; Revision Name     ; Paria_2020510099_DEUARCH ;
+-------------------+--------------------------+


+-------------------------------------------------------------------------------------------------------------------------------------------------------------+
; Flow Non-Default Global Settings                                                                                                                            ;
+-------------------------------------+---------------------------------------+--------------------------+---------------------------------------+------------+
; Assignment Name                     ; Value                                 ; Default Value            ; Entity Name                           ; Section Id ;
+-------------------------------------+---------------------------------------+--------------------------+---------------------------------------+------------+
; COMPILER_SIGNATURE_ID               ; 132281827502611.171630570902964       ; --                       ; --                                    ; --         ;
; MAX_CORE_JUNCTION_TEMP              ; 85                                    ; --                       ; --                                    ; --         ;
; MIN_CORE_JUNCTION_TEMP              ; 0                                     ; --                       ; --                                    ; --         ;
; NOMINAL_CORE_SUPPLY_VOLTAGE         ; 1.2V                                  ; --                       ; --                                    ; --         ;
; PARTITION_COLOR                     ; 16764057                              ; --                       ; Gulnaz_2020510121_Group31_ControlUnit ; Top        ;
; PARTITION_FITTER_PRESERVATION_LEVEL ; PLACEMENT_AND_ROUTING                 ; --                       ; Gulnaz_2020510121_Group31_ControlUnit ; Top        ;
; PARTITION_NETLIST_TYPE              ; SOURCE                                ; --                       ; Gulnaz_2020510121_Group31_ControlUnit ; Top        ;
; PROJECT_OUTPUT_DIRECTORY            ; output_files                          ; --                       ; --                                    ; --         ;
; TOP_LEVEL_ENTITY                    ; Gulnaz_2020510121_Group31_ControlUnit ; Paria_2020510099_DEUARCH ; --                                    ; --         ;
+-------------------------------------+---------------------------------------+--------------------------+---------------------------------------+------------+


+-------------------------------------------------------------------------------------------------------------------------------+
; Flow Elapsed Time                                                                                                             ;
+---------------------------+--------------+-------------------------+---------------------+------------------------------------+
; Module Name               ; Elapsed Time ; Average Processors Used ; Peak Virtual Memory ; Total CPU Time (on all processors) ;
+---------------------------+--------------+-------------------------+---------------------+------------------------------------+
; Analysis & Synthesis      ; 00:00:05     ; 1.0                     ; 4658 MB             ; 00:00:05                           ;
; Fitter                    ; 00:00:10     ; 1.0                     ; 4906 MB             ; 00:00:10                           ;
; Assembler                 ; 00:00:01     ; 1.0                     ; 4549 MB             ; 00:00:01                           ;
; TimeQuest Timing Analyzer ; 00:00:02     ; 1.0                     ; 4590 MB             ; 00:00:02                           ;
; Total                     ; 00:00:18     ; --                      ; --                  ; 00:00:18                           ;
+---------------------------+--------------+-------------------------+---------------------+------------------------------------+


+----------------------------------------------------------------------------------------+
; Flow OS Summary                                                                        ;
+---------------------------+------------------+-----------+------------+----------------+
; Module Name               ; Machine Hostname ; OS Name   ; OS Version ; Processor type ;
+---------------------------+------------------+-----------+------------+----------------+
; Analysis & Synthesis      ; DESKTOP-3L0SHF9  ; Windows 7 ; 6.2        ; x86_64         ;
; Fitter                    ; DESKTOP-3L0SHF9  ; Windows 7 ; 6.2        ; x86_64         ;
; Assembler                 ; DESKTOP-3L0SHF9  ; Windows 7 ; 6.2        ; x86_64         ;
; TimeQuest Timing Analyzer ; DESKTOP-3L0SHF9  ; Windows 7 ; 6.2        ; x86_64         ;
+---------------------------+------------------+-----------+------------+----------------+


------------
; Flow Log ;
------------
quartus_map --read_settings_files=on --write_settings_files=off Paria_2020510099_DEUARCH -c Paria_2020510099_DEUARCH
quartus_fit --read_settings_files=off --write_settings_files=off Paria_2020510099_DEUARCH -c Paria_2020510099_DEUARCH
quartus_asm --read_settings_files=off --write_settings_files=off Paria_2020510099_DEUARCH -c Paria_2020510099_DEUARCH
quartus_sta Paria_2020510099_DEUARCH -c Paria_2020510099_DEUARCH



